[debug] [2021-07-21T17:13:00.822Z] ----------------------------------------------------------------------
[debug] [2021-07-21T17:13:00.825Z] Command:       C:\Program Files\nodejs\node.exe C:\Users\pnsah\AppData\Roaming\npm\node_modules\firebase-tools\lib\bin\firebase.js emulators:start
[debug] [2021-07-21T17:13:00.825Z] CLI Version:   9.16.0
[debug] [2021-07-21T17:13:00.826Z] Platform:      win32
[debug] [2021-07-21T17:13:00.826Z] Node Version:  v14.16.1
[debug] [2021-07-21T17:13:00.827Z] Time:          Wed Jul 21 2021 22:43:00 GMT+0530 (India Standard Time)
[debug] [2021-07-21T17:13:00.827Z] ----------------------------------------------------------------------
[debug] 
[debug] [2021-07-21T17:13:00.893Z] > command requires scopes: ["email","openid","https://www.googleapis.com/auth/cloudplatformprojects.readonly","https://www.googleapis.com/auth/firebase","https://www.googleapis.com/auth/cloud-platform"]
[debug] [2021-07-21T17:13:00.893Z] > authorizing via signed-in user (pnsahu94@gmail.com)
[info] i  emulators: Starting emulators: functions {"metadata":{"emulator":{"name":"hub"},"message":"Starting emulators: functions"}}
[debug] [2021-07-21T17:13:00.920Z] [hub] writing locator at C:\Users\pnsah\AppData\Local\Temp\hub-clone-5cebd.json
[warn] !  functions: The following emulators are not running, calls to these services from the Functions emulator will affect production: auth, firestore, database, hosting, pubsub, storage {"metadata":{"emulator":{"name":"functions"},"message":"The following emulators are not running, calls to these services from the Functions emulator will affect production: \u001b[1mauth, firestore, database, hosting, pubsub, storage\u001b[22m"}}
[info] +  functions: Using node@14 from host. {"metadata":{"emulator":{"name":"functions"},"message":"Using node@14 from host."}}
[debug] [2021-07-21T17:13:00.978Z] defaultcredentials: writing to file C:\Users\pnsah\AppData\Roaming\firebase\pnsahu94_gmail_com_application_default_credentials.json
[debug] [2021-07-21T17:13:00.982Z] Setting GAC to C:\Users\pnsah\AppData\Roaming\firebase\pnsahu94_gmail_com_application_default_credentials.json {"metadata":{"emulator":{"name":"functions"},"message":"Setting GAC to C:\\Users\\pnsah\\AppData\\Roaming\\firebase\\pnsahu94_gmail_com_application_default_credentials.json"}}
[debug] [2021-07-21T17:13:00.984Z] > refreshing access token with scopes: []
[debug] [2021-07-21T17:13:00.985Z] >>> HTTP REQUEST POST https://www.googleapis.com/oauth2/v3/token  
 <request body omitted>
[debug] [2021-07-21T17:13:01.410Z] <<< HTTP RESPONSE 200 {"date":"Wed, 21 Jul 2021 17:13:01 GMT","pragma":"no-cache","expires":"Mon, 01 Jan 1990 00:00:00 GMT","cache-control":"no-cache, no-store, max-age=0, must-revalidate","content-type":"application/json; charset=utf-8","vary":"X-Origin, Referer, Origin,Accept-Encoding","server":"scaffolding on HTTPServer2","x-xss-protection":"0","x-frame-options":"SAMEORIGIN","x-content-type-options":"nosniff","alt-svc":"h3=\":443\"; ma=2592000,h3-29=\":443\"; ma=2592000,h3-T051=\":443\"; ma=2592000,h3-Q050=\":443\"; ma=2592000,h3-Q046=\":443\"; ma=2592000,h3-Q043=\":443\"; ma=2592000,quic=\":443\"; ma=2592000; v=\"46,43\"","accept-ranges":"none","transfer-encoding":"chunked"}
[debug] [2021-07-21T17:13:01.430Z] >>> [apiv2][query] GET https://firebase.googleapis.com/v1beta1/projects/clone-5cebd/adminSdkConfig [none]
[debug] [2021-07-21T17:13:02.236Z] <<< [apiv2][status] GET https://firebase.googleapis.com/v1beta1/projects/clone-5cebd/adminSdkConfig 200
[debug] [2021-07-21T17:13:02.236Z] <<< [apiv2][body] GET https://firebase.googleapis.com/v1beta1/projects/clone-5cebd/adminSdkConfig {"projectId":"clone-5cebd","storageBucket":"clone-5cebd.appspot.com","locationId":"asia-south1"}
[info] i  ui: downloading ui-v1.6.0.zip... {"metadata":{"emulator":{"name":"ui"},"message":"downloading ui-v1.6.0.zip..."}}
[debug] [2021-07-21T17:13:02.262Z] >>> [apiv2][query] GET https://storage.googleapis.com/firebase-preview-drop/emulator/ui-v1.6.0.zip 
[debug] [2021-07-21T17:13:02.772Z] <<< [apiv2][status] GET https://storage.googleapis.com/firebase-preview-drop/emulator/ui-v1.6.0.zip 200
[debug] [2021-07-21T17:13:02.772Z] <<< [apiv2][body] GET https://storage.googleapis.com/firebase-preview-drop/emulator/ui-v1.6.0.zip [stream]
[debug] [2021-07-21T17:13:03.777Z] Ignoring unsupported arg: auto_download {"metadata":{"emulator":{"name":"ui"},"message":"Ignoring unsupported arg: auto_download"}}
[debug] [2021-07-21T17:13:03.778Z] Ignoring unsupported arg: port {"metadata":{"emulator":{"name":"ui"},"message":"Ignoring unsupported arg: port"}}
[debug] [2021-07-21T17:13:03.778Z] Starting Emulator UI with command {"binary":"node","args":["C:\\Users\\pnsah\\.cache\\firebase\\emulators\\ui-v1.6.0\\server.bundle.js"],"optionalArgs":[],"joinArgs":false} {"metadata":{"emulator":{"name":"ui"},"message":"Starting Emulator UI with command {\"binary\":\"node\",\"args\":[\"C:\\\\Users\\\\pnsah\\\\.cache\\\\firebase\\\\emulators\\\\ui-v1.6.0\\\\server.bundle.js\"],\"optionalArgs\":[],\"joinArgs\":false}"}}
[info] i  ui: Emulator UI logging to ui-debug.log {"metadata":{"emulator":{"name":"ui"},"message":"Emulator UI logging to \u001b[1mui-debug.log\u001b[22m"}}
[debug] [2021-07-21T17:13:03.918Z] Web / API server started at localhost:4000
 {"metadata":{"emulator":{"name":"ui"},"message":"Web / API server started at localhost:4000\n"}}
[info] i  functions: Watching "D:\Codes\Web Development\amazon-react-clone\functions" for Cloud Functions... {"metadata":{"emulator":{"name":"functions"},"message":"Watching \"D:\\Codes\\Web Development\\amazon-react-clone\\functions\" for Cloud Functions..."}}
[debug] [2021-07-21T17:13:04.056Z] [worker-pool] addWorker(~diagnostic~) {"metadata":{"emulator":{"name":"functions"},"message":"[worker-pool] addWorker(~diagnostic~)"}}
[debug] [2021-07-21T17:13:04.056Z] [worker-pool] Adding worker with key ~diagnostic~, total=1 {"metadata":{"emulator":{"name":"functions"},"message":"[worker-pool] Adding worker with key ~diagnostic~, total=1"}}
[debug] [2021-07-21T17:13:04.056Z] [worker-pool] submitWork(triggerId=) {"metadata":{"emulator":{"name":"functions"},"message":"[worker-pool] submitWork(triggerId=)"}}
[debug] [2021-07-21T17:13:04.057Z] [worker-~diagnostic~-18f279e1-4588-4f2b-9981-082dca410fa8]: Assigning socketPath: \\?\pipe\D:\Codes\Web Development\amazon-react-clone\functions\18348 {"metadata":{"emulator":{"name":"functions"},"message":"[worker-~diagnostic~-18f279e1-4588-4f2b-9981-082dca410fa8]: Assigning socketPath: \\\\?\\pipe\\D:\\Codes\\Web Development\\amazon-react-clone\\functions\\18348"}}
[debug] [2021-07-21T17:13:04.058Z] [worker-~diagnostic~-18f279e1-4588-4f2b-9981-082dca410fa8]: BUSY {"metadata":{"emulator":{"name":"functions"},"message":"[worker-~diagnostic~-18f279e1-4588-4f2b-9981-082dca410fa8]: BUSY"}}
[debug] [2021-07-21T17:13:04.280Z] [runtime-status] [18348] Functions runtime initialized. {"cwd":"D:\\Codes\\Web Development\\amazon-react-clone\\functions","node_version":"14.16.1"} {"metadata":{"emulator":{"name":"functions"},"message":"[runtime-status] [18348] Functions runtime initialized. {\"cwd\":\"D:\\\\Codes\\\\Web Development\\\\amazon-react-clone\\\\functions\",\"node_version\":\"14.16.1\"}"}}
[debug] [2021-07-21T17:13:04.282Z] [runtime-status] [18348] Disabled runtime features: undefined {"metadata":{"emulator":{"name":"functions"},"message":"[runtime-status] [18348] Disabled runtime features: undefined"}}
[debug] [2021-07-21T17:13:04.285Z] [runtime-status] [18348] Resolved module firebase-admin {"declared":true,"installed":true,"version":"9.11.0","resolution":"D:\\Codes\\Web Development\\amazon-react-clone\\functions\\node_modules\\firebase-admin\\lib\\index.js"} {"metadata":{"emulator":{"name":"functions"},"message":"[runtime-status] [18348] Resolved module firebase-admin {\"declared\":true,\"installed\":true,\"version\":\"9.11.0\",\"resolution\":\"D:\\\\Codes\\\\Web Development\\\\amazon-react-clone\\\\functions\\\\node_modules\\\\firebase-admin\\\\lib\\\\index.js\"}"}}
[debug] [2021-07-21T17:13:04.286Z] [runtime-status] [18348] Resolved module firebase-functions {"declared":true,"installed":true,"version":"3.14.1","resolution":"D:\\Codes\\Web Development\\amazon-react-clone\\functions\\node_modules\\firebase-functions\\lib\\index.js"} {"metadata":{"emulator":{"name":"functions"},"message":"[runtime-status] [18348] Resolved module firebase-functions {\"declared\":true,\"installed\":true,\"version\":\"3.14.1\",\"resolution\":\"D:\\\\Codes\\\\Web Development\\\\amazon-react-clone\\\\functions\\\\node_modules\\\\firebase-functions\\\\lib\\\\index.js\"}"}}
[debug] [2021-07-21T17:13:04.288Z] [runtime-status] [18348] Resolved module firebase-functions {"declared":true,"installed":true,"version":"3.14.1","resolution":"D:\\Codes\\Web Development\\amazon-react-clone\\functions\\node_modules\\firebase-functions\\lib\\index.js"} {"metadata":{"emulator":{"name":"functions"},"message":"[runtime-status] [18348] Resolved module firebase-functions {\"declared\":true,\"installed\":true,\"version\":\"3.14.1\",\"resolution\":\"D:\\\\Codes\\\\Web Development\\\\amazon-react-clone\\\\functions\\\\node_modules\\\\firebase-functions\\\\lib\\\\index.js\"}"}}
[debug] [2021-07-21T17:13:04.290Z] [runtime-status] [18348] Outgoing network have been stubbed. [{"name":"http","status":"mocked"},{"name":"http","status":"mocked"},{"name":"https","status":"mocked"},{"name":"https","status":"mocked"},{"name":"net","status":"mocked"}] {"metadata":{"emulator":{"name":"functions"},"message":"[runtime-status] [18348] Outgoing network have been stubbed. [{\"name\":\"http\",\"status\":\"mocked\"},{\"name\":\"http\",\"status\":\"mocked\"},{\"name\":\"https\",\"status\":\"mocked\"},{\"name\":\"https\",\"status\":\"mocked\"},{\"name\":\"net\",\"status\":\"mocked\"}]"}}
[debug] [2021-07-21T17:13:04.291Z] [runtime-status] [18348] Resolved module firebase-functions {"declared":true,"installed":true,"version":"3.14.1","resolution":"D:\\Codes\\Web Development\\amazon-react-clone\\functions\\node_modules\\firebase-functions\\lib\\index.js"} {"metadata":{"emulator":{"name":"functions"},"message":"[runtime-status] [18348] Resolved module firebase-functions {\"declared\":true,\"installed\":true,\"version\":\"3.14.1\",\"resolution\":\"D:\\\\Codes\\\\Web Development\\\\amazon-react-clone\\\\functions\\\\node_modules\\\\firebase-functions\\\\lib\\\\index.js\"}"}}
[debug] [2021-07-21T17:13:04.342Z] [runtime-status] [18348] Checked functions.config() {"config":{}} {"metadata":{"emulator":{"name":"functions"},"message":"[runtime-status] [18348] Checked functions.config() {\"config\":{}}"}}
[debug] [2021-07-21T17:13:04.343Z] [runtime-status] [18348] firebase-functions has been stubbed. {"functionsResolution":{"declared":true,"installed":true,"version":"3.14.1","resolution":"D:\\Codes\\Web Development\\amazon-react-clone\\functions\\node_modules\\firebase-functions\\lib\\index.js"}} {"metadata":{"emulator":{"name":"functions"},"message":"[runtime-status] [18348] firebase-functions has been stubbed. {\"functionsResolution\":{\"declared\":true,\"installed\":true,\"version\":\"3.14.1\",\"resolution\":\"D:\\\\Codes\\\\Web Development\\\\amazon-react-clone\\\\functions\\\\node_modules\\\\firebase-functions\\\\lib\\\\index.js\"}}"}}
[debug] [2021-07-21T17:13:04.343Z] [runtime-status] [18348] Resolved module firebase-functions {"declared":true,"installed":true,"version":"3.14.1","resolution":"D:\\Codes\\Web Development\\amazon-react-clone\\functions\\node_modules\\firebase-functions\\lib\\index.js"} {"metadata":{"emulator":{"name":"functions"},"message":"[runtime-status] [18348] Resolved module firebase-functions {\"declared\":true,\"installed\":true,\"version\":\"3.14.1\",\"resolution\":\"D:\\\\Codes\\\\Web Development\\\\amazon-react-clone\\\\functions\\\\node_modules\\\\firebase-functions\\\\lib\\\\index.js\"}"}}
[debug] [2021-07-21T17:13:04.344Z] [runtime-status] [18348] Resolved module firebase-admin {"declared":true,"installed":true,"version":"9.11.0","resolution":"D:\\Codes\\Web Development\\amazon-react-clone\\functions\\node_modules\\firebase-admin\\lib\\index.js"} {"metadata":{"emulator":{"name":"functions"},"message":"[runtime-status] [18348] Resolved module firebase-admin {\"declared\":true,\"installed\":true,\"version\":\"9.11.0\",\"resolution\":\"D:\\\\Codes\\\\Web Development\\\\amazon-react-clone\\\\functions\\\\node_modules\\\\firebase-admin\\\\lib\\\\index.js\"}"}}
[debug] [2021-07-21T17:13:04.345Z] [runtime-status] [18348] Resolved module firebase-functions {"declared":true,"installed":true,"version":"3.14.1","resolution":"D:\\Codes\\Web Development\\amazon-react-clone\\functions\\node_modules\\firebase-functions\\lib\\index.js"} {"metadata":{"emulator":{"name":"functions"},"message":"[runtime-status] [18348] Resolved module firebase-functions {\"declared\":true,\"installed\":true,\"version\":\"3.14.1\",\"resolution\":\"D:\\\\Codes\\\\Web Development\\\\amazon-react-clone\\\\functions\\\\node_modules\\\\firebase-functions\\\\lib\\\\index.js\"}"}}
[debug] [2021-07-21T17:13:04.345Z] [runtime-status] [18348] firebase-admin has been stubbed. {"adminResolution":{"declared":true,"installed":true,"version":"9.11.0","resolution":"D:\\Codes\\Web Development\\amazon-react-clone\\functions\\node_modules\\firebase-admin\\lib\\index.js"}} {"metadata":{"emulator":{"name":"functions"},"message":"[runtime-status] [18348] firebase-admin has been stubbed. {\"adminResolution\":{\"declared\":true,\"installed\":true,\"version\":\"9.11.0\",\"resolution\":\"D:\\\\Codes\\\\Web Development\\\\amazon-react-clone\\\\functions\\\\node_modules\\\\firebase-admin\\\\lib\\\\index.js\"}}"}}
[warn] !  Error: Cannot find module 'stripe'
Require stack:
- D:\Codes\Web Development\amazon-react-clone\functions\index.js
- C:\Users\pnsah\AppData\Roaming\npm\node_modules\firebase-tools\lib\emulator\functionsEmulatorRuntime.js
    at Function.Module._resolveFilename (internal/modules/cjs/loader.js:880:15)
    at Function.Module._load (internal/modules/cjs/loader.js:725:27)
    at Module.require (internal/modules/cjs/loader.js:952:19)
    at require (internal/modules/cjs/helpers.js:88:18)
    at Object.<anonymous> (D:\Codes\Web Development\amazon-react-clone\functions\index.js:8:16)
    at Module._compile (internal/modules/cjs/loader.js:1063:30)
    at Object.Module._extensions..js (internal/modules/cjs/loader.js:1092:10)
    at Module.load (internal/modules/cjs/loader.js:928:32)
    at Function.Module._load (internal/modules/cjs/loader.js:769:14)
    at Module.require (internal/modules/cjs/loader.js:952:19) {"metadata":{"emulator":{"name":"functions"},"message":"Error: Cannot find module 'stripe'\nRequire stack:\n- D:\\Codes\\Web Development\\amazon-react-clone\\functions\\index.js\n- C:\\Users\\pnsah\\AppData\\Roaming\\npm\\node_modules\\firebase-tools\\lib\\emulator\\functionsEmulatorRuntime.js\n    at Function.Module._resolveFilename (internal/modules/cjs/loader.js:880:15)\n    at Function.Module._load (internal/modules/cjs/loader.js:725:27)\n    at Module.require (internal/modules/cjs/loader.js:952:19)\n    at require (internal/modules/cjs/helpers.js:88:18)\n    at Object.<anonymous> (D:\\Codes\\Web Development\\amazon-react-clone\\functions\\index.js:8:16)\n    at Module._compile (internal/modules/cjs/loader.js:1063:30)\n    at Object.Module._extensions..js (internal/modules/cjs/loader.js:1092:10)\n    at Module.load (internal/modules/cjs/loader.js:928:32)\n    at Function.Module._load (internal/modules/cjs/loader.js:769:14)\n    at Module.require (internal/modules/cjs/loader.js:952:19)"}}
[warn] !  We were unable to load your functions code. (see above) {"metadata":{"emulator":{"name":"functions"}}}
[debug] [2021-07-21T17:13:04.487Z] [worker-~diagnostic~-18f279e1-4588-4f2b-9981-082dca410fa8]: exited {"metadata":{"emulator":{"name":"functions"},"message":"[worker-~diagnostic~-18f279e1-4588-4f2b-9981-082dca410fa8]: exited"}}
[debug] [2021-07-21T17:13:04.487Z] [worker-~diagnostic~-18f279e1-4588-4f2b-9981-082dca410fa8]: FINISHED {"metadata":{"emulator":{"name":"functions"},"message":"[worker-~diagnostic~-18f279e1-4588-4f2b-9981-082dca410fa8]: FINISHED"}}
